<?xml version="1.0" encoding="UTF-8"?>
<!-- Generated by org.testng.reporters.JUnitReportReporter -->
<testsuite hostname="evy" failures="0" tests="1" name="testcases.AddTaskTest" time="10.644" errors="0" timestamp="2022-12-29T14:54:11 IST" skipped="0">
  <testcase classname="testcases.AddTaskTest" name="tc_addTask" time="10.644"/>
  <system-out/>
</testsuite> <!-- testcases.AddTaskTest -->
